<?xml version="1.0" encoding="UTF-8"?>
<testng-results skipped="0" failed="0" ignored="0" total="1" passed="1">
  <reporter-output>
  </reporter-output>
  <suite name="Default suite" duration-ms="50107" started-at="2019-09-25T06:11:39Z" finished-at="2019-09-25T06:12:29Z">
    <groups>
    </groups>
    <test name="Default test" duration-ms="50107" started-at="2019-09-25T06:11:39Z" finished-at="2019-09-25T06:12:29Z">
      <class name="page_object_model.testpagefactory">
        <test-method status="PASS" signature="f()[pri:0, instance:page_object_model.testpagefactory@d8355a8]" name="f" duration-ms="50037" started-at="2019-09-25T06:11:39Z" finished-at="2019-09-25T06:12:29Z">
          <reporter-output>
          </reporter-output>
        </test-method> <!-- f -->
      </class> <!-- page_object_model.testpagefactory -->
    </test> <!-- Default test -->
  </suite> <!-- Default suite -->
</testng-results>
